<?xml version="1.0" encoding="UTF-8"?>
<!-- Generated by org.testng.reporters.JUnitXMLReporter -->
<testsuite hostname="snktst" ignored="8" name="Surefire test" tests="20" failures="3" timestamp="21 фев 2018 18:42:26 GMT" time="159.36" errors="0">
  <testcase name="emptyUserLoginAndPasswordTest" time="1.131" classname="tests.LoginTest"/>
  <testcase name="emptyUserLoginTest" time="0.557" classname="tests.LoginTest"/>
  <testcase name="emptyUserPasswordTest" time="0.628" classname="tests.LoginTest"/>
  <testcase name="incorrectUserLoginMaskTest" time="15.648" classname="tests.LoginTest"/>
  <testcase name="nonExistUserLoginTest" time="1.576" classname="tests.LoginTest"/>
  <testcase name="spacesInTheUserLoginAndPasswordTest" time="15.342" classname="tests.LoginTest"/>
  <testcase name="tabsInTheUserLoginAndPasswordTest" time="15.404" classname="tests.LoginTest"/>
  <testcase name="validCredentialsLoginTest" time="3.898" classname="tests.LoginTest"/>
  <testcase name="isPriceFilterPresentTest" time="0.068" classname="tests.ProductListTest"/>
  <testcase name="isProductPresentInTheProductListTest" time="0.023" classname="tests.ProductListTest"/>
  <testcase name="openingProductPageTest" time="1.188" classname="tests.ProductListTest"/>
  <testcase name="productListIncludesValidProductAfterApplyPriceFilterTest" time="0.879" classname="tests.ProductListTest"/>
  <testcase name="productsOnTheProductListHaveAPriceTest" time="0.06" classname="tests.ProductListTest"/>
  <testcase name="addProductToCartWithSelectedOptionsTest" time="2.549" classname="tests.ProductTest"/>
  <testcase name="addProductWithOneSelectedOptionTest" time="0.438" classname="tests.ProductTest"/>
  <testcase name="addProductWithoutSelectedOptionsTest" time="0.142" classname="tests.ProductTest"/>
  <testcase name="productPriceEqualsPriceInProductListTest" time="0.098" classname="tests.ProductTest">
    <failure type="java.lang.NumberFormatException" message="empty String">
      <![CDATA[java.lang.NumberFormatException: empty String
at sun.misc.FloatingDecimal.readJavaFormatString(FloatingDecimal.java:1842)
at sun.misc.FloatingDecimal.parseDouble(FloatingDecimal.java:110)
at java.lang.Double.parseDouble(Double.java:538)
at java.lang.Double.valueOf(Double.java:502)
at pages.ProductPage.setProductPriceForComparision(ProductPage.java:21)
at tests.ProductTest.productPriceEqualsPriceInProductListTest(ProductTest.java:17)
... Removed 29 stack frames]]>
    </failure>
  </testcase> <!-- productPriceEqualsPriceInProductListTest -->
  <testcase name="newUserRegistrationTest" time="30.589" classname="tests.RegistrationTest">
    <failure type="org.openqa.selenium.TimeoutException" message="Expected condition failed: waiting for presence of element located by: By.xpath: .//input[@id=&amp;apos;firstname&amp;apos;] (tried for 30 second(s) with 500 MILLISECONDS interval)">
      <![CDATA[org.openqa.selenium.TimeoutException: Expected condition failed: waiting for presence of element located by: By.xpath: .//input[@id='firstname'] (tried for 30 second(s) with 500 MILLISECONDS interval)
at org.openqa.selenium.support.ui.WebDriverWait.timeoutException(WebDriverWait.java:82)
at org.openqa.selenium.support.ui.FluentWait.until(FluentWait.java:231)
at utils.WebDriverWrapper.findElement(WebDriverWrapper.java:53)
at utils.WebElementsActions.input(WebElementsActions.java:84)
at pages.RegPage.enterName(RegPage.java:16)
at pages.RegPage.enterNewUserDataAndClickRegister(RegPage.java:36)
at tests.RegistrationTest.newUserRegistrationTest(RegistrationTest.java:16)
Caused by: org.openqa.selenium.NoSuchElementException: Cannot locate an element using By.xpath: .//input[@id='firstname']
For documentation on this error, please visit: http://seleniumhq.org/exceptions/no_such_element.html
Build info: version: '3.8.1', revision: '6e95a6684b', time: '2017-12-01T18:33:54.468Z'
System info: host: 'SNKTST', ip: '169.254.79.254', os.name: 'Windows 10', os.arch: 'amd64', os.version: '10.0', java.version: '1.8.0_144'
Driver info: driver.version: unknown
at org.openqa.selenium.support.ui.ExpectedConditions.lambda$findElement$0(ExpectedConditions.java:882)
at java.util.Optional.orElseThrow(Optional.java:290)
at org.openqa.selenium.support.ui.ExpectedConditions.findElement(ExpectedConditions.java:881)
at org.openqa.selenium.support.ui.ExpectedConditions.access$000(ExpectedConditions.java:43)
at org.openqa.selenium.support.ui.ExpectedConditions$6.apply(ExpectedConditions.java:182)
at org.openqa.selenium.support.ui.ExpectedConditions$6.apply(ExpectedConditions.java:179)
at org.openqa.selenium.support.ui.FluentWait.until(FluentWait.java:208)
... 34 more
... Removed 29 stack frames]]>
    </failure>
  </testcase> <!-- newUserRegistrationTest -->
  <testcase name="emptyShoppingCartTest" time="6.479" classname="tests.ShoppingCartTest"/>
  <testcase name="proceedToCheckoutTest" time="30.593" classname="tests.ShoppingCartTest">
    <failure type="org.openqa.selenium.TimeoutException" message="Expected condition failed: waiting for presence of element located by: By.xpath: .//button[@class=&amp;apos;button btn-proceed-checkout btn-checkout&amp;apos;] (tried for 30 second(s) with 500 MILLISECONDS interval)">
      <![CDATA[org.openqa.selenium.TimeoutException: Expected condition failed: waiting for presence of element located by: By.xpath: .//button[@class='button btn-proceed-checkout btn-checkout'] (tried for 30 second(s) with 500 MILLISECONDS interval)
at org.openqa.selenium.support.ui.WebDriverWait.timeoutException(WebDriverWait.java:82)
at org.openqa.selenium.support.ui.FluentWait.until(FluentWait.java:231)
at utils.WebDriverWrapper.findElement(WebDriverWrapper.java:53)
at utils.WebElementsActions.clickButton(WebElementsActions.java:40)
at pages.ShoppingCartPage.clickProceedToCheckoutButton(ShoppingCartPage.java:21)
at tests.ShoppingCartTest.proceedToCheckoutTest(ShoppingCartTest.java:21)
Caused by: org.openqa.selenium.NoSuchElementException: Cannot locate an element using By.xpath: .//button[@class='button btn-proceed-checkout btn-checkout']
For documentation on this error, please visit: http://seleniumhq.org/exceptions/no_such_element.html
Build info: version: '3.8.1', revision: '6e95a6684b', time: '2017-12-01T18:33:54.468Z'
System info: host: 'SNKTST', ip: '169.254.79.254', os.name: 'Windows 10', os.arch: 'amd64', os.version: '10.0', java.version: '1.8.0_144'
Driver info: driver.version: unknown
at org.openqa.selenium.support.ui.ExpectedConditions.lambda$findElement$0(ExpectedConditions.java:882)
at java.util.Optional.orElseThrow(Optional.java:290)
at org.openqa.selenium.support.ui.ExpectedConditions.findElement(ExpectedConditions.java:881)
at org.openqa.selenium.support.ui.ExpectedConditions.access$000(ExpectedConditions.java:43)
at org.openqa.selenium.support.ui.ExpectedConditions$6.apply(ExpectedConditions.java:182)
at org.openqa.selenium.support.ui.ExpectedConditions$6.apply(ExpectedConditions.java:179)
at org.openqa.selenium.support.ui.FluentWait.until(FluentWait.java:208)
... 33 more
... Removed 29 stack frames]]>
    </failure>
  </testcase> <!-- proceedToCheckoutTest -->
  <testcase name="@AfterSuite tearDown" time="0.0" classname="tests.Fixtures">
    <ignored/>
  </testcase> <!-- @AfterSuite tearDown -->
  <testcase name="@AfterSuite tearDown" time="0.0" classname="tests.Fixtures">
    <ignored/>
  </testcase> <!-- @AfterSuite tearDown -->
  <testcase name="@AfterSuite tearDown" time="0.0" classname="tests.Fixtures">
    <ignored/>
  </testcase> <!-- @AfterSuite tearDown -->
  <testcase name="@AfterSuite tearDown" time="0.0" classname="tests.Fixtures">
    <ignored/>
  </testcase> <!-- @AfterSuite tearDown -->
  <testcase name="@BeforeSuite setUpBeforeSuite" time="0.0" classname="tests.Fixtures">
    <ignored/>
  </testcase> <!-- @BeforeSuite setUpBeforeSuite -->
  <testcase name="@BeforeSuite setUpBeforeSuite" time="0.0" classname="tests.Fixtures">
    <ignored/>
  </testcase> <!-- @BeforeSuite setUpBeforeSuite -->
  <testcase name="@BeforeSuite setUpBeforeSuite" time="0.0" classname="tests.Fixtures">
    <ignored/>
  </testcase> <!-- @BeforeSuite setUpBeforeSuite -->
  <testcase name="@BeforeSuite setUpBeforeSuite" time="0.0" classname="tests.Fixtures">
    <ignored/>
  </testcase> <!-- @BeforeSuite setUpBeforeSuite -->
</testsuite> <!-- Surefire test -->
